   Compiling proc-macro2 v1.0.106
   Compiling unicode-ident v1.0.24
   Compiling quote v1.0.45
   Compiling windows-link v0.2.1
   Compiling pin-project-lite v0.2.17
   Compiling cfg-if v1.0.4
   Compiling once_cell v1.21.4
   Compiling memchr v2.8.1
   Compiling smallvec v1.15.1
   Compiling futures-core v0.3.32
   Compiling parking_lot_core v0.9.12
   Compiling futures-sink v0.3.32
   Compiling scopeguard v1.2.0
   Compiling futures-io v0.3.32
   Compiling windows-sys v0.61.2
   Compiling futures-task v0.3.32
   Compiling slab v0.4.12
   Compiling lock_api v0.4.14
   Compiling serde_core v1.0.228
   Compiling tracing-core v0.1.36
   Compiling bytes v1.11.1
   Compiling futures-channel v0.3.32
   Compiling thiserror v2.0.18
   Compiling anyhow v1.0.102
   Compiling utf8parse v0.2.2
   Compiling once_cell_polyfill v1.70.2
   Compiling serde v1.0.228
   Compiling zmij v1.0.21
   Compiling anstyle v1.0.14
   Compiling anstyle-parse v1.0.0
   Compiling colorchoice v1.0.5
   Compiling is_terminal_polyfill v1.70.2
   Compiling byteorder v1.5.0
   Compiling regex-syntax v0.8.10
   Compiling serde_json v1.0.150
   Compiling clap_lex v1.1.0
   Compiling log v0.4.30
   Compiling strsim v0.11.1
   Compiling heck v0.5.0
   Compiling lazy_static v1.5.0
   Compiling parking_lot v0.12.5
   Compiling itoa v1.0.18
   Compiling tracing-log v0.2.0
   Compiling thread_local v1.1.9
   Compiling sharded-slab v0.1.7
   Compiling regex-automata v0.4.14
   Compiling mio v1.2.1
   Compiling socket2 v0.6.4
   Compiling anstyle-wincon v3.0.11
   Compiling anstyle-query v1.1.5
   Compiling nu-ansi-term v0.50.3
   Compiling syn v2.0.117
   Compiling anstream v1.0.0
   Compiling clap_builder v4.6.0
   Compiling matchers v0.2.0
   Compiling tracing-serde v0.2.0
   Compiling futures-macro v0.3.32
   Compiling tokio-macros v2.7.0
   Compiling tracing-attributes v0.1.31
   Compiling thiserror-impl v2.0.18
   Compiling clap_derive v4.6.1
   Compiling tokio v1.52.3
   Compiling futures-util v0.3.32
   Compiling tracing v0.1.44
   Compiling tracing-subscriber v0.3.23
   Compiling clap v4.6.1
   Compiling futures-executor v0.3.32
   Compiling futures v0.3.32
   Compiling tokio-util v0.7.18
   Compiling sccm-rc-protocol v0.0.1 (C:\Users\you\dev\sccm-rc\crates\sccm-rc-protocol)
   Compiling sccm-rc-core v0.0.1 (C:\Users\you\dev\sccm-rc\crates\sccm-rc-core)
   Compiling sccm-rc-diag v0.0.1 (C:\Users\you\dev\sccm-rc\crates\sccm-rc-diag)
   Compiling sccm-rc-viewer v0.0.1 (C:\Users\you\dev\sccm-rc\crates\sccm-rc-viewer)
    Finished `dev` profile [unoptimized + debuginfo] target(s) in 1m 29s
