[2m2026-06-01T01:15:57.455397Z[0m [32m INFO[0m [2mrdp_connect_test[0m[2m:[0m connecting + authenticating [3mtarget[0m[2m=[0mTARGET-HOST
[2m2026-06-01T01:15:57.517338Z[0m [32m INFO[0m [2msccm_rc_core[0m[2m:[0m TCP connected [3mtarget[0m[2m=[0mTARGET-HOST
[2m2026-06-01T01:15:57.538548Z[0m [34mDEBUG[0m [2msccm_rc_core[0m[2m:[0m server greeting [3mgreeting[0m[2m=[0mSTART_HANDSHAKE
[2m2026-06-01T01:15:57.630734Z[0m [32m INFO[0m [2msccm_rc_core[0m[2m:[0m SSPI handshake complete
[2m2026-06-01T01:15:57.677050Z[0m [32m INFO[0m [2msccm_rc_core[0m[2m:[0m remote control session granted [3mgrant[0m[2m=[0mFullControl
[2m2026-06-01T01:15:57.677895Z[0m [32m INFO[0m [2mrdp_connect_test[0m[2m:[0m session established [3mgrant[0m[2m=[0mFullControl
[2m2026-06-01T01:15:57.678723Z[0m [34mDEBUG[0m [2msccm_rc_core::rdp[0m[2m:[0m RDP step (no input) [3mstate[0m[2m=[0m"ConnectionInitiationSendRequest"
[2m2026-06-01T01:15:57.679163Z[0m [33m WARN[0m [2mironrdp_connector::connection[0m[2m:[0m sccm-rc patch: proceeding with standard RDP security
[2m2026-06-01T01:15:57.680179Z[0m [34mDEBUG[0m [2msccm_rc_core[0m[2m:[0m sent sealed RDP [3mrdp_bytes[0m[2m=[0m46
[2m2026-06-01T01:15:57.702580Z[0m [34mDEBUG[0m [2msccm_rc_core::rdp[0m[2m:[0m RDP step (with input) [3mstate[0m[2m=[0m"ConnectionInitiationWaitResponse" [3mpdu_len[0m[2m=[0m19
[2m2026-06-01T01:15:57.703052Z[0m [32m INFO[0m [2mironrdp_connector::connection[0m[2m:[0m Server confirmed connection [3mselected_protocol[0m[2m=[0mSecurityProtocol(0x0) [3mflags[0m[2m=[0mResponseFlags(EXTENDED_CLIENT_DATA_SUPPORTED)
[2m2026-06-01T01:15:57.703297Z[0m [34mDEBUG[0m [2msccm_rc_core::rdp[0m[2m:[0m RDP step (no input) [3mstate[0m[2m=[0m"EnhancedSecurityUpgrade"
[2m2026-06-01T01:15:57.703464Z[0m [34mDEBUG[0m [2msccm_rc_core::rdp[0m[2m:[0m RDP step (no input) [3mstate[0m[2m=[0m"BasicSettingsExchangeSendInitial"
[2m2026-06-01T01:15:57.704043Z[0m [34mDEBUG[0m [2msccm_rc_core[0m[2m:[0m sent sealed RDP [3mrdp_bytes[0m[2m=[0m383
[2m2026-06-01T01:15:57.729425Z[0m [34mDEBUG[0m [2msccm_rc_core::rdp[0m[2m:[0m RDP step (with input) [3mstate[0m[2m=[0m"BasicSettingsExchangeWaitResponse" [3mpdu_len[0m[2m=[0m100
[2m2026-06-01T01:15:57.730130Z[0m [34mDEBUG[0m [2msccm_rc_core::rdp[0m[2m:[0m RDP step (no input) [3mstate[0m[2m=[0m"ChannelConnection"
[2m2026-06-01T01:15:57.730479Z[0m [34mDEBUG[0m [2msccm_rc_core[0m[2m:[0m sent sealed RDP [3mrdp_bytes[0m[2m=[0m12
[2m2026-06-01T01:15:57.730866Z[0m [34mDEBUG[0m [2msccm_rc_core::rdp[0m[2m:[0m RDP step (no input) [3mstate[0m[2m=[0m"ChannelConnection"
[2m2026-06-01T01:15:57.731200Z[0m [34mDEBUG[0m [2msccm_rc_core[0m[2m:[0m sent sealed RDP [3mrdp_bytes[0m[2m=[0m8
[2m2026-06-01T01:15:57.878155Z[0m [34mDEBUG[0m [2msccm_rc_core::rdp[0m[2m:[0m RDP step (with input) [3mstate[0m[2m=[0m"ChannelConnection" [3mpdu_len[0m[2m=[0m11
[2m2026-06-01T01:15:57.879063Z[0m [34mDEBUG[0m [2msccm_rc_core::rdp[0m[2m:[0m RDP step (no input) [3mstate[0m[2m=[0m"ChannelConnection"
[2m2026-06-01T01:15:57.879872Z[0m [34mDEBUG[0m [2msccm_rc_core[0m[2m:[0m sent sealed RDP [3mrdp_bytes[0m[2m=[0m24
[2m2026-06-01T01:15:57.899937Z[0m [34mDEBUG[0m [2msccm_rc_core::rdp[0m[2m:[0m RDP step (with input) [3mstate[0m[2m=[0m"ChannelConnection" [3mpdu_len[0m[2m=[0m15
[2m2026-06-01T01:15:57.966343Z[0m [34mDEBUG[0m [2msccm_rc_core::rdp[0m[2m:[0m RDP step (with input) [3mstate[0m[2m=[0m"ChannelConnection" [3mpdu_len[0m[2m=[0m15
[2m2026-06-01T01:15:57.967047Z[0m [34mDEBUG[0m [2msccm_rc_core::rdp[0m[2m:[0m RDP step (no input) [3mstate[0m[2m=[0m"SecureSettingsExchange"
[2m2026-06-01T01:15:57.967495Z[0m [34mDEBUG[0m [2msccm_rc_core[0m[2m:[0m sent sealed RDP [3mrdp_bytes[0m[2m=[0m271
[2m2026-06-01T01:15:57.967773Z[0m [34mDEBUG[0m [2msccm_rc_core::rdp[0m[2m:[0m RDP step (no input) [3mstate[0m[2m=[0m"ConnectTimeAutoDetection"
[2m2026-06-01T01:15:57.987141Z[0m [34mDEBUG[0m [2msccm_rc_core::rdp[0m[2m:[0m RDP step (with input) [3mstate[0m[2m=[0m"LicensingExchange" [3mpdu_len[0m[2m=[0m34
[2m2026-06-01T01:15:57.987953Z[0m [32m INFO[0m [2mironrdp_connector::license_exchange[0m[2m:[0m Server did not initiate license exchange
[2m2026-06-01T01:15:57.988127Z[0m [34mDEBUG[0m [2msccm_rc_core::rdp[0m[2m:[0m RDP step (no input) [3mstate[0m[2m=[0m"MultitransportBootstrapping"
[2m2026-06-01T01:15:58.061468Z[0m [34mDEBUG[0m [2msccm_rc_core::rdp[0m[2m:[0m RDP step (with input) [3mstate[0m[2m=[0m"CapabilitiesExchange" [3mpdu_len[0m[2m=[0m395
[2m2026-06-01T01:15:58.062598Z[0m [34mDEBUG[0m [2msccm_rc_core[0m[2m:[0m sent sealed RDP [3mrdp_bytes[0m[2m=[0m512
[2m2026-06-01T01:15:58.062894Z[0m [34mDEBUG[0m [2msccm_rc_core::rdp[0m[2m:[0m RDP step (no input) [3mstate[0m[2m=[0m"ConnectionFinalization"
[2m2026-06-01T01:15:58.063142Z[0m [34mDEBUG[0m [2msccm_rc_core[0m[2m:[0m sent sealed RDP [3mrdp_bytes[0m[2m=[0m36
[2m2026-06-01T01:15:58.063287Z[0m [34mDEBUG[0m [2msccm_rc_core::rdp[0m[2m:[0m RDP step (no input) [3mstate[0m[2m=[0m"ConnectionFinalization"
[2m2026-06-01T01:15:58.063431Z[0m [34mDEBUG[0m [2msccm_rc_core[0m[2m:[0m sent sealed RDP [3mrdp_bytes[0m[2m=[0m40
[2m2026-06-01T01:15:58.063532Z[0m [34mDEBUG[0m [2msccm_rc_core::rdp[0m[2m:[0m RDP step (no input) [3mstate[0m[2m=[0m"ConnectionFinalization"
[2m2026-06-01T01:15:58.063651Z[0m [34mDEBUG[0m [2msccm_rc_core[0m[2m:[0m sent sealed RDP [3mrdp_bytes[0m[2m=[0m40
[2m2026-06-01T01:15:58.063740Z[0m [34mDEBUG[0m [2msccm_rc_core::rdp[0m[2m:[0m RDP step (no input) [3mstate[0m[2m=[0m"ConnectionFinalization"
[2m2026-06-01T01:15:58.063854Z[0m [34mDEBUG[0m [2msccm_rc_core[0m[2m:[0m sent sealed RDP [3mrdp_bytes[0m[2m=[0m40
[2m2026-06-01T01:15:58.082319Z[0m [34mDEBUG[0m [2msccm_rc_core::rdp[0m[2m:[0m RDP step (with input) [3mstate[0m[2m=[0m"ConnectionFinalization" [3mpdu_len[0m[2m=[0m36
[2m2026-06-01T01:15:58.103510Z[0m [34mDEBUG[0m [2msccm_rc_core::rdp[0m[2m:[0m RDP step (with input) [3mstate[0m[2m=[0m"ConnectionFinalization" [3mpdu_len[0m[2m=[0m40
[2m2026-06-01T01:15:58.167870Z[0m [34mDEBUG[0m [2msccm_rc_core::rdp[0m[2m:[0m RDP step (with input) [3mstate[0m[2m=[0m"ConnectionFinalization" [3mpdu_len[0m[2m=[0m40
[2m2026-06-01T01:15:58.168450Z[0m [34mDEBUG[0m [2msccm_rc_core::rdp[0m[2m:[0m RDP step (with input) [3mstate[0m[2m=[0m"ConnectionFinalization" [3mpdu_len[0m[2m=[0m40
[2m2026-06-01T01:15:58.168820Z[0m [32m INFO[0m [2msccm_rc_core::rdp[0m[2m:[0m ✅ RDP connection sequence complete — active session [3mwidth[0m[2m=[0m1920 [3mheight[0m[2m=[0m1080 [3mio_channel[0m[2m=[0m1003 [3muser_channel[0m[2m=[0m1004 [3mleftover[0m[2m=[0m0
[2m2026-06-01T01:15:58.169208Z[0m [32m INFO[0m [2mrdp_connect_test[0m[2m:[0m ✅✅ RDP ACTIVE SESSION — full connection sequence completed over SCCM transport [3mdesktop[0m[2m=[0m"1920x1080"
[2m2026-06-01T01:15:58.169589Z[0m [32m INFO[0m [2mrdp_connect_test[0m[2m:[0m entering active session — processing graphics updates (Ctrl+C to stop)
[2m2026-06-01T01:15:58.170156Z[0m [34mDEBUG[0m [2msccm_rc_core[0m[2m:[0m sent sealed RDP [3mrdp_bytes[0m[2m=[0m44
[2m2026-06-01T01:15:58.170538Z[0m [34mDEBUG[0m [2msccm_rc_core[0m[2m:[0m sent sealed RDP [3mrdp_bytes[0m[2m=[0m44
[2m2026-06-01T01:15:58.170820Z[0m [34mDEBUG[0m [2msccm_rc_core::rdp[0m[2m:[0m sent allow-output + refresh-rect [3mwidth[0m[2m=[0m1920 [3mheight[0m[2m=[0m1080 [3mshare_id[0m[2m=[0m0
[2m2026-06-01T01:15:58.171268Z[0m [34mDEBUG[0m [2msccm_rc_core[0m[2m:[0m sent sealed RDP [3mrdp_bytes[0m[2m=[0m9
[2m2026-06-01T01:15:58.171403Z[0m [34mDEBUG[0m [2msccm_rc_core::rdp[0m[2m:[0m forwarded input [3mevents[0m[2m=[0m1 [3msent_bytes[0m[2m=[0m9
[2m2026-06-01T01:15:58.178599Z[0m [34mDEBUG[0m [2msccm_rc_core::rdp[0m[2m:[0m recv during active session [3mbytes[0m[2m=[0m36
[2m2026-06-01T01:15:58.179126Z[0m [34mDEBUG[0m [2msccm_rc_core::rdp[0m[2m:[0m stage outputs [3maction[0m[2m=[0mX224 [3mkinds[0m[2m=[0m["Terminate"]
[2m2026-06-01T01:15:58.179287Z[0m [33m WARN[0m [2msccm_rc_core::rdp[0m[2m:[0m RDP session terminated by server [3mreason[0m[2m=[0mOther("[RDP specific code]: Processing during the Channel Connection phase of the RDP Connection Sequence has failed") [3mframes[0m[2m=[0m0 [3mpdus[0m[2m=[0m1
[2m2026-06-01T01:15:58.179403Z[0m [33m WARN[0m [2msccm_rc_core::rdp[0m[2m:[0m session terminated [3mreason[0m[2m=[0mOther("[RDP specific code]: Processing during the Channel Connection phase of the RDP Connection Sequence has failed")
[2m2026-06-01T01:15:58.179560Z[0m [32m INFO[0m [2mrdp_connect_test[0m[2m:[0m active session ended [3mupdates[0m[2m=[0m0 [3mnonblack[0m[2m=[0m0
