[2m2026-06-01T01:22:48.037941Z[0m [32m INFO[0m [2mrdp_connect_test[0m[2m:[0m connecting + authenticating [3mtarget[0m[2m=[0mTARGET-HOST
[2m2026-06-01T01:22:48.080512Z[0m [32m INFO[0m [2msccm_rc_core[0m[2m:[0m TCP connected [3mtarget[0m[2m=[0mTARGET-HOST
[2m2026-06-01T01:22:48.102350Z[0m [34mDEBUG[0m [2msccm_rc_core[0m[2m:[0m server greeting [3mgreeting[0m[2m=[0mSTART_HANDSHAKE
[2m2026-06-01T01:22:48.145829Z[0m [32m INFO[0m [2msccm_rc_core[0m[2m:[0m SSPI handshake complete
[2m2026-06-01T01:22:48.203794Z[0m [32m INFO[0m [2msccm_rc_core[0m[2m:[0m remote control session granted [3mgrant[0m[2m=[0mFullControl
[2m2026-06-01T01:22:48.204855Z[0m [32m INFO[0m [2mrdp_connect_test[0m[2m:[0m session established [3mgrant[0m[2m=[0mFullControl
[2m2026-06-01T01:22:48.205180Z[0m [34mDEBUG[0m [2msccm_rc_core::rdp[0m[2m:[0m RDP step (no input) [3mstate[0m[2m=[0m"ConnectionInitiationSendRequest"
[2m2026-06-01T01:22:48.205347Z[0m [33m WARN[0m [2mironrdp_connector::connection[0m[2m:[0m sccm-rc patch: proceeding with standard RDP security
[2m2026-06-01T01:22:48.205912Z[0m [34mDEBUG[0m [2msccm_rc_core[0m[2m:[0m sent sealed RDP [3mrdp_bytes[0m[2m=[0m46
[2m2026-06-01T01:22:48.225214Z[0m [34mDEBUG[0m [2msccm_rc_core::rdp[0m[2m:[0m RDP step (with input) [3mstate[0m[2m=[0m"ConnectionInitiationWaitResponse" [3mpdu_len[0m[2m=[0m19
[2m2026-06-01T01:22:48.225669Z[0m [32m INFO[0m [2mironrdp_connector::connection[0m[2m:[0m Server confirmed connection [3mselected_protocol[0m[2m=[0mSecurityProtocol(0x0) [3mflags[0m[2m=[0mResponseFlags(EXTENDED_CLIENT_DATA_SUPPORTED)
[2m2026-06-01T01:22:48.225930Z[0m [34mDEBUG[0m [2msccm_rc_core::rdp[0m[2m:[0m RDP step (no input) [3mstate[0m[2m=[0m"EnhancedSecurityUpgrade"
[2m2026-06-01T01:22:48.226141Z[0m [34mDEBUG[0m [2msccm_rc_core::rdp[0m[2m:[0m RDP step (no input) [3mstate[0m[2m=[0m"BasicSettingsExchangeSendInitial"
[2m2026-06-01T01:22:48.226759Z[0m [34mDEBUG[0m [2msccm_rc_core[0m[2m:[0m sent sealed RDP [3mrdp_bytes[0m[2m=[0m383
[2m2026-06-01T01:22:48.246769Z[0m [34mDEBUG[0m [2msccm_rc_core::rdp[0m[2m:[0m RDP step (with input) [3mstate[0m[2m=[0m"BasicSettingsExchangeWaitResponse" [3mpdu_len[0m[2m=[0m100
[2m2026-06-01T01:22:48.247366Z[0m [34mDEBUG[0m [2msccm_rc_core::rdp[0m[2m:[0m RDP step (no input) [3mstate[0m[2m=[0m"ChannelConnection"
[2m2026-06-01T01:22:48.247754Z[0m [34mDEBUG[0m [2msccm_rc_core[0m[2m:[0m sent sealed RDP [3mrdp_bytes[0m[2m=[0m12
[2m2026-06-01T01:22:48.247947Z[0m [34mDEBUG[0m [2msccm_rc_core::rdp[0m[2m:[0m RDP step (no input) [3mstate[0m[2m=[0m"ChannelConnection"
[2m2026-06-01T01:22:48.248155Z[0m [34mDEBUG[0m [2msccm_rc_core[0m[2m:[0m sent sealed RDP [3mrdp_bytes[0m[2m=[0m8
[2m2026-06-01T01:22:48.342314Z[0m [34mDEBUG[0m [2msccm_rc_core::rdp[0m[2m:[0m RDP step (with input) [3mstate[0m[2m=[0m"ChannelConnection" [3mpdu_len[0m[2m=[0m11
[2m2026-06-01T01:22:48.350125Z[0m [34mDEBUG[0m [2msccm_rc_core::rdp[0m[2m:[0m RDP step (no input) [3mstate[0m[2m=[0m"ChannelConnection"
[2m2026-06-01T01:22:48.350412Z[0m [34mDEBUG[0m [2msccm_rc_core[0m[2m:[0m sent sealed RDP [3mrdp_bytes[0m[2m=[0m24
[2m2026-06-01T01:22:48.370139Z[0m [34mDEBUG[0m [2msccm_rc_core::rdp[0m[2m:[0m RDP step (with input) [3mstate[0m[2m=[0m"ChannelConnection" [3mpdu_len[0m[2m=[0m15
[2m2026-06-01T01:22:48.433749Z[0m [34mDEBUG[0m [2msccm_rc_core::rdp[0m[2m:[0m RDP step (with input) [3mstate[0m[2m=[0m"ChannelConnection" [3mpdu_len[0m[2m=[0m15
[2m2026-06-01T01:22:48.451192Z[0m [34mDEBUG[0m [2msccm_rc_core::rdp[0m[2m:[0m RDP step (no input) [3mstate[0m[2m=[0m"SecureSettingsExchange"
[2m2026-06-01T01:22:48.451690Z[0m [34mDEBUG[0m [2msccm_rc_core[0m[2m:[0m sent sealed RDP [3mrdp_bytes[0m[2m=[0m271
[2m2026-06-01T01:22:48.451977Z[0m [34mDEBUG[0m [2msccm_rc_core::rdp[0m[2m:[0m RDP step (no input) [3mstate[0m[2m=[0m"ConnectTimeAutoDetection"
[2m2026-06-01T01:22:48.471616Z[0m [34mDEBUG[0m [2msccm_rc_core::rdp[0m[2m:[0m RDP step (with input) [3mstate[0m[2m=[0m"LicensingExchange" [3mpdu_len[0m[2m=[0m34
[2m2026-06-01T01:22:48.472126Z[0m [32m INFO[0m [2mironrdp_connector::license_exchange[0m[2m:[0m Server did not initiate license exchange
[2m2026-06-01T01:22:48.472334Z[0m [34mDEBUG[0m [2msccm_rc_core::rdp[0m[2m:[0m RDP step (no input) [3mstate[0m[2m=[0m"MultitransportBootstrapping"
[2m2026-06-01T01:22:48.543481Z[0m [34mDEBUG[0m [2msccm_rc_core::rdp[0m[2m:[0m RDP step (with input) [3mstate[0m[2m=[0m"CapabilitiesExchange" [3mpdu_len[0m[2m=[0m395
[2m2026-06-01T01:22:48.553063Z[0m [34mDEBUG[0m [2msccm_rc_core[0m[2m:[0m sent sealed RDP [3mrdp_bytes[0m[2m=[0m512
[2m2026-06-01T01:22:48.553505Z[0m [34mDEBUG[0m [2msccm_rc_core::rdp[0m[2m:[0m RDP step (no input) [3mstate[0m[2m=[0m"ConnectionFinalization"
[2m2026-06-01T01:22:48.553976Z[0m [34mDEBUG[0m [2msccm_rc_core[0m[2m:[0m sent sealed RDP [3mrdp_bytes[0m[2m=[0m36
[2m2026-06-01T01:22:48.554284Z[0m [34mDEBUG[0m [2msccm_rc_core::rdp[0m[2m:[0m RDP step (no input) [3mstate[0m[2m=[0m"ConnectionFinalization"
[2m2026-06-01T01:22:48.554592Z[0m [34mDEBUG[0m [2msccm_rc_core[0m[2m:[0m sent sealed RDP [3mrdp_bytes[0m[2m=[0m40
[2m2026-06-01T01:22:48.554849Z[0m [34mDEBUG[0m [2msccm_rc_core::rdp[0m[2m:[0m RDP step (no input) [3mstate[0m[2m=[0m"ConnectionFinalization"
[2m2026-06-01T01:22:48.555122Z[0m [34mDEBUG[0m [2msccm_rc_core[0m[2m:[0m sent sealed RDP [3mrdp_bytes[0m[2m=[0m40
[2m2026-06-01T01:22:48.555423Z[0m [34mDEBUG[0m [2msccm_rc_core::rdp[0m[2m:[0m RDP step (no input) [3mstate[0m[2m=[0m"ConnectionFinalization"
[2m2026-06-01T01:22:48.555729Z[0m [34mDEBUG[0m [2msccm_rc_core[0m[2m:[0m sent sealed RDP [3mrdp_bytes[0m[2m=[0m40
[2m2026-06-01T01:22:48.573085Z[0m [34mDEBUG[0m [2msccm_rc_core::rdp[0m[2m:[0m RDP step (with input) [3mstate[0m[2m=[0m"ConnectionFinalization" [3mpdu_len[0m[2m=[0m36
[2m2026-06-01T01:22:48.592446Z[0m [34mDEBUG[0m [2msccm_rc_core::rdp[0m[2m:[0m RDP step (with input) [3mstate[0m[2m=[0m"ConnectionFinalization" [3mpdu_len[0m[2m=[0m40
[2m2026-06-01T01:22:48.666019Z[0m [34mDEBUG[0m [2msccm_rc_core::rdp[0m[2m:[0m RDP step (with input) [3mstate[0m[2m=[0m"ConnectionFinalization" [3mpdu_len[0m[2m=[0m40
[2m2026-06-01T01:22:48.673138Z[0m [34mDEBUG[0m [2msccm_rc_core::rdp[0m[2m:[0m RDP step (with input) [3mstate[0m[2m=[0m"ConnectionFinalization" [3mpdu_len[0m[2m=[0m40
[2m2026-06-01T01:22:48.673322Z[0m [32m INFO[0m [2msccm_rc_core::rdp[0m[2m:[0m ✅ RDP connection sequence complete — active session [3mwidth[0m[2m=[0m1920 [3mheight[0m[2m=[0m1080 [3mio_channel[0m[2m=[0m1003 [3muser_channel[0m[2m=[0m1004 [3mleftover[0m[2m=[0m0
[2m2026-06-01T01:22:48.673454Z[0m [32m INFO[0m [2mrdp_connect_test[0m[2m:[0m ✅✅ RDP ACTIVE SESSION — full connection sequence completed over SCCM transport [3mdesktop[0m[2m=[0m"1920x1080"
[2m2026-06-01T01:22:48.673540Z[0m [32m INFO[0m [2mrdp_connect_test[0m[2m:[0m entering active session — processing graphics updates (Ctrl+C to stop)
[2m2026-06-01T01:22:48.673974Z[0m [34mDEBUG[0m [2msccm_rc_core[0m[2m:[0m sent sealed RDP [3mrdp_bytes[0m[2m=[0m44
[2m2026-06-01T01:22:48.674279Z[0m [34mDEBUG[0m [2msccm_rc_core[0m[2m:[0m sent sealed RDP [3mrdp_bytes[0m[2m=[0m44
[2m2026-06-01T01:22:48.674384Z[0m [34mDEBUG[0m [2msccm_rc_core::rdp[0m[2m:[0m sent allow-output + refresh-rect [3mwidth[0m[2m=[0m1920 [3mheight[0m[2m=[0m1080 [3mshare_id[0m[2m=[0m0
[2m2026-06-01T01:22:48.674715Z[0m [34mDEBUG[0m [2msccm_rc_core[0m[2m:[0m sent sealed RDP [3mrdp_bytes[0m[2m=[0m9
[2m2026-06-01T01:22:48.674839Z[0m [34mDEBUG[0m [2msccm_rc_core::rdp[0m[2m:[0m forwarded input [3mevents[0m[2m=[0m1 [3msent_bytes[0m[2m=[0m9
[2m2026-06-01T01:22:49.490010Z[0m [34mDEBUG[0m [2msccm_rc_core[0m[2m:[0m sent sealed RDP [3mrdp_bytes[0m[2m=[0m9
[2m2026-06-01T01:22:49.490553Z[0m [34mDEBUG[0m [2msccm_rc_core::rdp[0m[2m:[0m forwarded input [3mevents[0m[2m=[0m1 [3msent_bytes[0m[2m=[0m9
[2m2026-06-01T01:22:50.282434Z[0m [34mDEBUG[0m [2msccm_rc_core[0m[2m:[0m sent sealed RDP [3mrdp_bytes[0m[2m=[0m9
[2m2026-06-01T01:22:50.299006Z[0m [34mDEBUG[0m [2msccm_rc_core::rdp[0m[2m:[0m forwarded input [3mevents[0m[2m=[0m1 [3msent_bytes[0m[2m=[0m9
[2m2026-06-01T01:22:51.076178Z[0m [34mDEBUG[0m [2msccm_rc_core[0m[2m:[0m sent sealed RDP [3mrdp_bytes[0m[2m=[0m9
[2m2026-06-01T01:22:51.076899Z[0m [34mDEBUG[0m [2msccm_rc_core::rdp[0m[2m:[0m forwarded input [3mevents[0m[2m=[0m1 [3msent_bytes[0m[2m=[0m9
[2m2026-06-01T01:22:51.884586Z[0m [34mDEBUG[0m [2msccm_rc_core[0m[2m:[0m sent sealed RDP [3mrdp_bytes[0m[2m=[0m9
[2m2026-06-01T01:22:51.900158Z[0m [34mDEBUG[0m [2msccm_rc_core::rdp[0m[2m:[0m forwarded input [3mevents[0m[2m=[0m1 [3msent_bytes[0m[2m=[0m9
[2m2026-06-01T01:22:52.676792Z[0m [34mDEBUG[0m [2msccm_rc_core[0m[2m:[0m sent sealed RDP [3mrdp_bytes[0m[2m=[0m9
[2m2026-06-01T01:22:52.693032Z[0m [34mDEBUG[0m [2msccm_rc_core::rdp[0m[2m:[0m forwarded input [3mevents[0m[2m=[0m1 [3msent_bytes[0m[2m=[0m9
[2m2026-06-01T01:22:53.485183Z[0m [34mDEBUG[0m [2msccm_rc_core[0m[2m:[0m sent sealed RDP [3mrdp_bytes[0m[2m=[0m9
[2m2026-06-01T01:22:53.495466Z[0m [34mDEBUG[0m [2msccm_rc_core::rdp[0m[2m:[0m forwarded input [3mevents[0m[2m=[0m1 [3msent_bytes[0m[2m=[0m9
[2m2026-06-01T01:22:54.280311Z[0m [34mDEBUG[0m [2msccm_rc_core[0m[2m:[0m sent sealed RDP [3mrdp_bytes[0m[2m=[0m9
[2m2026-06-01T01:22:54.296236Z[0m [34mDEBUG[0m [2msccm_rc_core::rdp[0m[2m:[0m forwarded input [3mevents[0m[2m=[0m1 [3msent_bytes[0m[2m=[0m9
[2m2026-06-01T01:22:55.085904Z[0m [34mDEBUG[0m [2msccm_rc_core[0m[2m:[0m sent sealed RDP [3mrdp_bytes[0m[2m=[0m9
[2m2026-06-01T01:22:55.089158Z[0m [34mDEBUG[0m [2msccm_rc_core::rdp[0m[2m:[0m forwarded input [3mevents[0m[2m=[0m1 [3msent_bytes[0m[2m=[0m9
[2m2026-06-01T01:22:55.878263Z[0m [34mDEBUG[0m [2msccm_rc_core[0m[2m:[0m sent sealed RDP [3mrdp_bytes[0m[2m=[0m9
[2m2026-06-01T01:22:55.893492Z[0m [34mDEBUG[0m [2msccm_rc_core::rdp[0m[2m:[0m forwarded input [3mevents[0m[2m=[0m1 [3msent_bytes[0m[2m=[0m9
[2m2026-06-01T01:22:56.684191Z[0m [34mDEBUG[0m [2msccm_rc_core[0m[2m:[0m sent sealed RDP [3mrdp_bytes[0m[2m=[0m9
[2m2026-06-01T01:22:56.700744Z[0m [34mDEBUG[0m [2msccm_rc_core::rdp[0m[2m:[0m forwarded input [3mevents[0m[2m=[0m1 [3msent_bytes[0m[2m=[0m9
[2m2026-06-01T01:22:57.479089Z[0m [34mDEBUG[0m [2msccm_rc_core[0m[2m:[0m sent sealed RDP [3mrdp_bytes[0m[2m=[0m9
[2m2026-06-01T01:22:57.494244Z[0m [34mDEBUG[0m [2msccm_rc_core::rdp[0m[2m:[0m forwarded input [3mevents[0m[2m=[0m1 [3msent_bytes[0m[2m=[0m9
[2m2026-06-01T01:22:58.286218Z[0m [34mDEBUG[0m [2msccm_rc_core[0m[2m:[0m sent sealed RDP [3mrdp_bytes[0m[2m=[0m9
[2m2026-06-01T01:22:58.302120Z[0m [34mDEBUG[0m [2msccm_rc_core::rdp[0m[2m:[0m forwarded input [3mevents[0m[2m=[0m1 [3msent_bytes[0m[2m=[0m9
[2m2026-06-01T01:22:59.078930Z[0m [34mDEBUG[0m [2msccm_rc_core[0m[2m:[0m sent sealed RDP [3mrdp_bytes[0m[2m=[0m9
[2m2026-06-01T01:22:59.079754Z[0m [34mDEBUG[0m [2msccm_rc_core::rdp[0m[2m:[0m forwarded input [3mevents[0m[2m=[0m1 [3msent_bytes[0m[2m=[0m9
[2m2026-06-01T01:22:59.878364Z[0m [34mDEBUG[0m [2msccm_rc_core[0m[2m:[0m sent sealed RDP [3mrdp_bytes[0m[2m=[0m9
[2m2026-06-01T01:22:59.893991Z[0m [34mDEBUG[0m [2msccm_rc_core::rdp[0m[2m:[0m forwarded input [3mevents[0m[2m=[0m1 [3msent_bytes[0m[2m=[0m9
